using System;
using System.Collections.Generic;
using System.ComponentModel;
using System.Data;
using System.Drawing;
using System.Linq;
using System.Text;
using System.Threading.Tasks;
using System.Windows.Forms;
using System.Diagnostics;

namespace Cronometro
{
    public partial class Form1 : Form
    {
        private Stopwatch stopWatch;
        public Form1()
        {
            InitializeComponent();
        }


        private void Label1_Click(object sender, EventArgs e)
        {

        }

        private void Form1_Load(object sender, EventArgs e)
        {
            stopWatch = new Stopwatch();
        }

        private void Btn_Iniciar_Click(object sender, EventArgs e)
        {
            stopWatch.Start();
        }

        private void Btn_Encerrar_Click(object sender, EventArgs e)
        {
            stopWatch.Stop();
        }

        private void Btn_Resetar_Click(object sender, EventArgs e)
        {
            stopWatch.Reset();
        }

        private void timer1_Tick(object sender, EventArgs e)
        {
            this.Label1.Text = string.Format("{0:hh\\:mm\\:ss\\:fff}", stopWatch.Elapsed);
        }
    }
}
